

Processing ApplicationController#index (for 127.0.0.1 at 2011-01-17 00:05:31) [GET]

ActionController::RoutingError (No route matches "/hello.html" with {:method=>:get}):
  C:/Dev/SW/Languages/ruby-1.8.7/lib/ruby/1.8/webrick/httpserver.rb:104:in `service'
  C:/Dev/SW/Languages/ruby-1.8.7/lib/ruby/1.8/webrick/httpserver.rb:65:in `run'
  C:/Dev/SW/Languages/ruby-1.8.7/lib/ruby/1.8/webrick/server.rb:173:in `start_thread'
  C:/Dev/SW/Languages/ruby-1.8.7/lib/ruby/1.8/webrick/server.rb:162:in `start'
  C:/Dev/SW/Languages/ruby-1.8.7/lib/ruby/1.8/webrick/server.rb:162:in `start_thread'
  C:/Dev/SW/Languages/ruby-1.8.7/lib/ruby/1.8/webrick/server.rb:95:in `start'
  C:/Dev/SW/Languages/ruby-1.8.7/lib/ruby/1.8/webrick/server.rb:92:in `each'
  C:/Dev/SW/Languages/ruby-1.8.7/lib/ruby/1.8/webrick/server.rb:92:in `start'
  C:/Dev/SW/Languages/ruby-1.8.7/lib/ruby/1.8/webrick/server.rb:23:in `start'
  C:/Dev/SW/Languages/ruby-1.8.7/lib/ruby/1.8/webrick/server.rb:82:in `start'

Rendering rescues/layout (not_found)


Processing ApplicationController#index (for 127.0.0.1 at 2011-01-17 20:13:50) [GET]

ActionController::RoutingError (No route matches "/controller/action" with {:method=>:get}):
  C:/Dev/SW/Languages/ruby-1.8.7/lib/ruby/1.8/webrick/httpserver.rb:104:in `service'
  C:/Dev/SW/Languages/ruby-1.8.7/lib/ruby/1.8/webrick/httpserver.rb:65:in `run'
  C:/Dev/SW/Languages/ruby-1.8.7/lib/ruby/1.8/webrick/server.rb:173:in `start_thread'
  C:/Dev/SW/Languages/ruby-1.8.7/lib/ruby/1.8/webrick/server.rb:162:in `start'
  C:/Dev/SW/Languages/ruby-1.8.7/lib/ruby/1.8/webrick/server.rb:162:in `start_thread'
  C:/Dev/SW/Languages/ruby-1.8.7/lib/ruby/1.8/webrick/server.rb:95:in `start'
  C:/Dev/SW/Languages/ruby-1.8.7/lib/ruby/1.8/webrick/server.rb:92:in `each'
  C:/Dev/SW/Languages/ruby-1.8.7/lib/ruby/1.8/webrick/server.rb:92:in `start'
  C:/Dev/SW/Languages/ruby-1.8.7/lib/ruby/1.8/webrick/server.rb:23:in `start'
  C:/Dev/SW/Languages/ruby-1.8.7/lib/ruby/1.8/webrick/server.rb:82:in `start'

Rendering rescues/layout (not_found)


Processing PagesController#home (for 127.0.0.1 at 2011-01-17 20:17:32) [GET]
Rendering pages/home
Completed in 109ms (View: 109, DB: 0) | 200 OK [http://localhost/pages/home]


Processing PagesController#home (for 127.0.0.1 at 2011-01-17 21:56:12) [GET]
Rendering pages/home
Completed in 31ms (View: 16, DB: 0) | 200 OK [http://localhost/pages/home]


Processing PagesController#home (for 127.0.0.1 at 2011-01-17 21:56:48) [GET]
Rendering pages/home
Completed in 16ms (View: 16, DB: 0) | 200 OK [http://localhost/pages/home]


Processing PagesController#home (for 127.0.0.1 at 2011-01-17 21:56:48) [GET]
Rendering pages/home
Completed in 0ms (View: 0, DB: 0) | 200 OK [http://localhost/pages/home]


Processing PagesController#home (for 127.0.0.1 at 2011-01-17 21:56:49) [GET]
Rendering pages/home
Completed in 0ms (View: 0, DB: 0) | 200 OK [http://localhost/pages/home]


Processing PagesController#home (for 127.0.0.1 at 2011-01-17 21:56:50) [GET]
Rendering pages/home
Completed in 16ms (View: 16, DB: 0) | 200 OK [http://localhost/pages/home]


Processing PagesController#home (for 127.0.0.1 at 2011-01-17 22:12:56) [GET]
Rendering template within layouts/application
Rendering pages/home
Completed in 78ms (View: 78, DB: 0) | 200 OK [http://localhost/pages/home]


Processing PagesController#home (for 127.0.0.1 at 2011-01-17 22:15:40) [GET]
Rendering template within layouts/application
Rendering pages/home
Completed in 109ms (View: 109, DB: 0) | 200 OK [http://localhost/pages/home]


Processing PagesController#home (for 127.0.0.1 at 2011-01-17 22:15:42) [GET]
Rendering template within layouts/application
Rendering pages/home
Completed in 16ms (View: 0, DB: 0) | 200 OK [http://localhost/pages/home]


Processing ApplicationController#home (for 127.0.0.1 at 2011-01-17 22:23:03) [GET]

NameError (uninitialized constant PagesController):
  C:/Dev/SW/Languages/ruby-1.8.7/lib/ruby/1.8/webrick/httpserver.rb:104:in `service'
  C:/Dev/SW/Languages/ruby-1.8.7/lib/ruby/1.8/webrick/httpserver.rb:65:in `run'
  C:/Dev/SW/Languages/ruby-1.8.7/lib/ruby/1.8/webrick/server.rb:173:in `start_thread'
  C:/Dev/SW/Languages/ruby-1.8.7/lib/ruby/1.8/webrick/server.rb:162:in `start'
  C:/Dev/SW/Languages/ruby-1.8.7/lib/ruby/1.8/webrick/server.rb:162:in `start_thread'
  C:/Dev/SW/Languages/ruby-1.8.7/lib/ruby/1.8/webrick/server.rb:95:in `start'
  C:/Dev/SW/Languages/ruby-1.8.7/lib/ruby/1.8/webrick/server.rb:92:in `each'
  C:/Dev/SW/Languages/ruby-1.8.7/lib/ruby/1.8/webrick/server.rb:92:in `start'
  C:/Dev/SW/Languages/ruby-1.8.7/lib/ruby/1.8/webrick/server.rb:23:in `start'
  C:/Dev/SW/Languages/ruby-1.8.7/lib/ruby/1.8/webrick/server.rb:82:in `start'

Rendered rescues/_trace (78.1ms)
Rendered rescues/_request_and_response (0.0ms)
Rendering rescues/layout (internal_server_error)
